<?xml version="1.0" encoding="utf-8"?><testsuites name="pytest tests"><testsuite name="pytest" errors="0" failures="0" skipped="0" tests="8" time="1.601" timestamp="2026-05-07T17:04:03.257683+00:00" hostname="agent-env-b82ca6bd-468f-4415-bc41-35e02ca463b3"><testcase classname="backend.tests.test_rsvp_api" name="test_root_greeting" time="0.412" /><testcase classname="backend.tests.test_rsvp_api" name="test_create_rsvp_yes_full_payload" time="0.142" /><testcase classname="backend.tests.test_rsvp_api" name="test_create_rsvp_no" time="0.068" /><testcase classname="backend.tests.test_rsvp_api" name="test_rsvp_missing_name_returns_422" time="0.066" /><testcase classname="backend.tests.test_rsvp_api" name="test_rsvp_invalid_attendance_returns_422" time="0.067" /><testcase classname="backend.tests.test_rsvp_api" name="test_rsvp_guests_out_of_range_returns_422" time="0.068" /><testcase classname="backend.tests.test_rsvp_api" name="test_list_rsvps_no_objectid" time="0.067" /><testcase classname="backend.tests.test_rsvp_api" name="test_rsvp_stats" time="0.077" /></testsuite></testsuites>